<?xml version="1.0" encoding="UTF-8"?>
<!-- Generated by org.testng.reporters.JUnitReportReporter -->
<testsuite hostname="utkarshs-MacBook-Air.local" failures="0" tests="3" name="TestNGinMaven.C2" time="0.006" errors="0" timestamp="2023-05-17T16:50:55 IST" skipped="0">
  <testcase classname="TestNGinMaven.C2" name="testcase1" time="0.006"/>
  <system-out/>
  <testcase classname="TestNGinMaven.C2" name="testcase2" time="0.000"/>
  <system-out/>
  <testcase classname="TestNGinMaven.C2" name="testcase3" time="0.000"/>
  <system-out/>
</testsuite> <!-- TestNGinMaven.C2 -->
