<?xml version="1.0" encoding="UTF-8"?>
<!-- Generated by org.testng.reporters.JUnitReportReporter -->
<testsuite hostname="utkarshs-MacBook-Air.local" failures="0" tests="1" name="TestNGinMaven.C1" time="0.000" errors="0" timestamp="2023-05-17T16:50:55 IST" skipped="0">
  <testcase classname="TestNGinMaven.C1" name="testcase" time="0.000"/>
  <system-out/>
</testsuite> <!-- TestNGinMaven.C1 -->
